<?xml version="1.1" encoding="UTF-8"?>
<testsuite name="SchoolTest" tests="8" failures="0" errors="0" timestamp="2017-02-04T13:21:53" hostname="unb-x-anto" time="0.011">
  <properties/>
  <testcase name="addsStudents" classname="SchoolTest" time="0.006"/>
  <testcase name="addsMoreStudentsInSameGrade" classname="SchoolTest" time="0.001"/>
  <testcase name="modifyingSortedStudentsShouldNotModifyInternalDatabase" classname="SchoolTest" time="0.001"/>
  <testcase name="startsWithNoStudents" classname="SchoolTest" time="0.0"/>
  <testcase name="modifyingFetchedGradeShouldNotModifyInternalDatabase" classname="SchoolTest" time="0.0"/>
  <testcase name="sortsSchool" classname="SchoolTest" time="0.002"/>
  <testcase name="addsStudentsInMultipleGrades" classname="SchoolTest" time="0.0"/>
  <testcase name="getsStudentsInEmptyGrade" classname="SchoolTest" time="0.0"/>
  <system-out><![CDATA[]]></system-out>
  <system-err><![CDATA[]]></system-err>
</testsuite>
